The system is: Windows - 10.0.22631 - AMD64
Compiling the C compiler identification source file "CMakeCCompilerId.c" succeeded.
Compiler: E:/Gnugcc/mingw64/bin/gcc.exe 
Build flags: 
Id flags:  

The output was:
0


Compilation of the C compiler identification source "CMakeCCompilerId.c" produced "a.exe"

The C compiler identification is GNU, found in "E:/Git/Citrine5/Citrine5/build/CMakeFiles/3.23.1/CompilerIdC/a.exe"

Compiling the CXX compiler identification source file "CMakeCXXCompilerId.cpp" succeeded.
Compiler: E:/Gnugcc/mingw64/bin/g++.exe 
Build flags: 
Id flags:  

The output was:
0


Compilation of the CXX compiler identification source "CMakeCXXCompilerId.cpp" produced "a.exe"

The CXX compiler identification is GNU, found in "E:/Git/Citrine5/Citrine5/build/CMakeFiles/3.23.1/CompilerIdCXX/a.exe"

Determining if the C compiler works passed with the following output:
Change Dir: E:/Git/Citrine5/Citrine5/build/CMakeFiles/CMakeTmp

Run Build Command(s):E:/Gnugcc/mingw64/bin/mingw32-make.exe -f Makefile cmTC_8a071/fast && E:/Gnugcc/mingw64/bin/mingw32-make.exe  -f CMakeFiles\cmTC_8a071.dir\build.make CMakeFiles/cmTC_8a071.dir/build
mingw32-make.exe[1]: Entering directory 'E:/Git/Citrine5/Citrine5/build/CMakeFiles/CMakeTmp'
Building C object CMakeFiles/cmTC_8a071.dir/testCCompiler.c.obj
E:\Gnugcc\mingw64\bin\gcc.exe    -o CMakeFiles\cmTC_8a071.dir\testCCompiler.c.obj -c E:\Git\Citrine5\Citrine5\build\CMakeFiles\CMakeTmp\testCCompiler.c
Linking C executable cmTC_8a071.exe
D:\Cmake\bin\cmake.exe -E cmake_link_script CMakeFiles\cmTC_8a071.dir\link.txt --verbose=1
D:\Cmake\bin\cmake.exe -E rm -f CMakeFiles\cmTC_8a071.dir/objects.a
E:\Gnugcc\mingw64\bin\ar.exe qc CMakeFiles\cmTC_8a071.dir/objects.a @CMakeFiles\cmTC_8a071.dir\objects1.rsp
E:\Gnugcc\mingw64\bin\gcc.exe -Wl,--whole-archive CMakeFiles\cmTC_8a071.dir/objects.a -Wl,--no-whole-archive -o cmTC_8a071.exe -Wl,--out-implib,libcmTC_8a071.dll.a -Wl,--major-image-version,0,--minor-image-version,0 @CMakeFiles\cmTC_8a071.dir\linklibs.rsp
mingw32-make.exe[1]: Leaving directory 'E:/Git/Citrine5/Citrine5/build/CMakeFiles/CMakeTmp'



Determining if the CXX compiler works passed with the following output:
Change Dir: E:/Git/Citrine5/Citrine5/build/CMakeFiles/CMakeTmp

Run Build Command(s):E:/Gnugcc/mingw64/bin/mingw32-make.exe -f Makefile cmTC_72ca1/fast && E:/Gnugcc/mingw64/bin/mingw32-make.exe  -f CMakeFiles\cmTC_72ca1.dir\build.make CMakeFiles/cmTC_72ca1.dir/build
mingw32-make.exe[1]: Entering directory 'E:/Git/Citrine5/Citrine5/build/CMakeFiles/CMakeTmp'
Building CXX object CMakeFiles/cmTC_72ca1.dir/testCXXCompiler.cxx.obj
E:\Gnugcc\mingw64\bin\g++.exe    -o CMakeFiles\cmTC_72ca1.dir\testCXXCompiler.cxx.obj -c E:\Git\Citrine5\Citrine5\build\CMakeFiles\CMakeTmp\testCXXCompiler.cxx
Linking CXX executable cmTC_72ca1.exe
D:\Cmake\bin\cmake.exe -E cmake_link_script CMakeFiles\cmTC_72ca1.dir\link.txt --verbose=1
D:\Cmake\bin\cmake.exe -E rm -f CMakeFiles\cmTC_72ca1.dir/objects.a
E:\Gnugcc\mingw64\bin\ar.exe qc CMakeFiles\cmTC_72ca1.dir/objects.a @CMakeFiles\cmTC_72ca1.dir\objects1.rsp
E:\Gnugcc\mingw64\bin\g++.exe -Wl,--whole-archive CMakeFiles\cmTC_72ca1.dir/objects.a -Wl,--no-whole-archive -o cmTC_72ca1.exe -Wl,--out-implib,libcmTC_72ca1.dll.a -Wl,--major-image-version,0,--minor-image-version,0 @CMakeFiles\cmTC_72ca1.dir\linklibs.rsp
mingw32-make.exe[1]: Leaving directory 'E:/Git/Citrine5/Citrine5/build/CMakeFiles/CMakeTmp'



